#
# There is insufficient memory for the Java Runtime Environment to continue.
# Native memory allocation (malloc) failed to allocate 282496 bytes for Chunk::new
# Possible reasons:
#   The system is out of physical RAM or swap space
#   The process is running with CompressedOops enabled, and the Java Heap may be blocking the growth of the native heap
# Possible solutions:
#   Reduce memory load on the system
#   Increase physical memory or swap space
#   Check if swap backing store is full
#   Decrease Java heap size (-Xmx/-Xms)
#   Decrease number of Java threads
#   Decrease Java thread stack sizes (-Xss)
#   Set larger code cache with -XX:ReservedCodeCacheSize=
#   JVM is running with Unscaled Compressed Oops mode in which the Java heap is
#     placed in the first 4GB address space. The Java Heap base address is the
#     maximum limit for the native heap growth. Please use -XX:HeapBaseMinAddress
#     to set the Java Heap base and to place the Java Heap above 4GB virtual address.
# This output file may be truncated or incomplete.
#
#  Out of Memory Error (allocation.cpp:389), pid=27580, tid=0x0000000000006844
#
# JRE version: OpenJDK Runtime Environment (8.0_212-b04) (build 1.8.0_212-release-1586-b04)
# Java VM: OpenJDK 64-Bit Server VM (25.212-b04 mixed mode windows-amd64 compressed oops)
# Failed to write core dump. Minidumps are not enabled by default on client versions of Windows
#

---------------  T H R E A D  ---------------

Current thread (0x0000000018d39000):  JavaThread "C2 CompilerThread2" daemon [_thread_in_native, id=26692, stack(0x0000000019800000,0x0000000019900000)]

Stack: [0x0000000019800000,0x0000000019900000]
[error occurred during error reporting (printing stack bounds), id 0xc0000005]

Native frames: (J=compiled Java code, j=interpreted, Vv=VM code, C=native code)


Current CompileTask:
C2:  31214 3806  s    4       sun.misc.URLClassPath::getNextLoader (88 bytes)


---------------  P R O C E S S  ---------------

Java Threads: ( => current thread )
  0x0000000019fa5800 JavaThread "Cache worker for Artifact transforms cache (C:\Users\king_\.gradle\caches\transforms-1)" [_thread_blocked, id=26216, stack(0x000000001eaf0000,0x000000001ebf0000)]
  0x000000001ca89800 JavaThread "Cache worker for file hash cache (E:\UNIVERSITY FILES\T471\T471 revision\Part 2\04 -CD\Source code\Source code\CANTalk\.gradle\4.6\fileHashes)" [_thread_blocked, id=26900, stack(0x000000001ec90000,0x000000001ed90000)]
  0x000000001afc4000 JavaThread "File lock request listener" [_thread_in_native, id=4344, stack(0x000000001d820000,0x000000001d920000)]
  0x000000001acae800 JavaThread "Cache worker for file hash cache (C:\Users\king_\.gradle\caches\4.6\fileHashes)" [_thread_blocked, id=26912, stack(0x000000001d720000,0x000000001d820000)]
  0x0000000019f9e800 JavaThread "Stdin handler" [_thread_blocked, id=27256, stack(0x000000001c350000,0x000000001c450000)]
  0x0000000019f2b000 JavaThread "Asynchronous log dispatcher for DefaultDaemonConnection: socket connection from /127.0.0.1:1288 to /127.0.0.1:1289" [_thread_blocked, id=27388, stack(0x000000001c250000,0x000000001c350000)]
  0x00000000190f8000 JavaThread "Daemon worker" [_thread_in_Java, id=27372, stack(0x000000001c150000,0x000000001c250000)]
  0x000000001af0c000 JavaThread "Cancel handler" [_thread_blocked, id=27384, stack(0x000000001c050000,0x000000001c150000)]
  0x00000000190d4800 JavaThread "Handler for socket connection from /127.0.0.1:1288 to /127.0.0.1:1289" [_thread_in_native, id=27328, stack(0x000000001bd50000,0x000000001be50000)]
  0x00000000190d3000 JavaThread "Daemon" [_thread_blocked, id=27356, stack(0x000000001bc50000,0x000000001bd50000)]
  0x000000001b06b000 JavaThread "Daemon periodic checks" [_thread_blocked, id=27352, stack(0x000000001bb50000,0x000000001bc50000)]
  0x000000001acfc000 JavaThread "Incoming local TCP Connector on port 1288" [_thread_in_native, id=27364, stack(0x000000001b910000,0x000000001ba10000)]
  0x0000000018e21000 JavaThread "Service Thread" daemon [_thread_blocked, id=26716, stack(0x0000000019a00000,0x0000000019b00000)]
  0x0000000018d96000 JavaThread "C1 CompilerThread3" daemon [_thread_in_native, id=26704, stack(0x0000000019900000,0x0000000019a00000)]
=>0x0000000018d39000 JavaThread "C2 CompilerThread2" daemon [_thread_in_native, id=26692, stack(0x0000000019800000,0x0000000019900000)]
  0x0000000018d33000 JavaThread "C2 CompilerThread1" daemon [_thread_in_native, id=26684, stack(0x0000000019700000,0x0000000019800000)]
  0x0000000018d30800 JavaThread "C2 CompilerThread0" daemon [_thread_in_native, id=26688, stack(0x0000000019600000,0x0000000019700000)]
  0x0000000018d2f000 JavaThread "Attach Listener" daemon [_thread_blocked, id=26676, stack(0x0000000019500000,0x0000000019600000)]
  0x0000000018d7f800 JavaThread "Signal Dispatcher" daemon [_thread_blocked, id=26640, stack(0x0000000019400000,0x0000000019500000)]
  0x0000000003158000 JavaThread "Finalizer" daemon [_thread_blocked, id=26644, stack(0x0000000019200000,0x0000000019300000)]
  0x0000000018d20800 JavaThread "Reference Handler" daemon [_thread_blocked, id=26648, stack(0x0000000019100000,0x0000000019200000)]
  0x000000000305e800 JavaThread "main" [_thread_blocked, id=26628, stack(0x0000000002e80000,0x0000000002f80000)]

Other Threads:
  0x0000000016f18000 VMThread [stack: 0x0000000018c00000,0x0000000018d00000] [id=26652]
  0x0000000018e22000 WatcherThread [stack: 0x0000000019b00000,0x0000000019c00000] [id=26712]

VM state:not at safepoint (normal execution)

VM Mutex/Monitor currently owned by a thread: None

heap address: 0x00000000a0000000, size: 1536 MB, Compressed Oops mode: 32-bit
Narrow klass base: 0x0000000000000000, Narrow klass shift: 3
Compressed class space size: 1073741824 Address: 0x0000000100000000

Heap:
 PSYoungGen      total 317952K, used 11766K [0x00000000e0000000, 0x0000000100000000, 0x0000000100000000)
  eden space 303616K, 3% used [0x00000000e0000000,0x00000000e0b7d990,0x00000000f2880000)
  from space 14336K, 0% used [0x00000000f2880000,0x00000000f2880000,0x00000000f3680000)
  to   space 16384K, 0% used [0x00000000ff000000,0x00000000ff000000,0x0000000100000000)
 ParOldGen       total 159744K, used 20601K [0x00000000a0000000, 0x00000000a9c00000, 0x00000000e0000000)
  object space 159744K, 12% used [0x00000000a0000000,0x00000000a141e548,0x00000000a9c00000)
 Metaspace       used 35687K, capacity 36366K, committed 36568K, reserved 1081344K
  class space    used 4797K, capacity 5022K, committed 5080K, reserved 1048576K

Card table byte_map: [0x0000000012520000,0x0000000012830000] byte_map_base: 0x0000000012020000

Marking Bits: (ParMarkBitMap*) 0x0000000059289f30
 Begin Bits: [0x0000000013230000, 0x0000000014a30000)
 End Bits:   [0x0000000014a30000, 0x0000000016230000)

Polling page: 0x0000000001610000

CodeCache: size=245760Kb used=13415Kb max_used=13426Kb free=232344Kb
 bounds [0x0000000003160000, 0x0000000003e90000, 0x0000000012160000]
 total_blobs=4124 nmethods=3440 adapters=597
 compilation: enabled

Compilation events (10 events):
Event: 31.097 Thread 0x0000000018d96000 3802       3       sun.security.util.DisabledAlgorithmConstraints::permits (33 bytes)
Event: 31.097 Thread 0x0000000018d96000 nmethod 3802 0x0000000003e7ca90 code [0x0000000003e7cc00, 0x0000000003e7ce98]
Event: 31.097 Thread 0x0000000018d96000 3803   !   3       sun.security.ssl.SSLAlgorithmDecomposer::decompose (63 bytes)
Event: 31.098 Thread 0x0000000018d96000 nmethod 3803 0x0000000003e84b90 code [0x0000000003e84d60, 0x0000000003e853e8]
Event: 31.098 Thread 0x0000000018d96000 3804       3       sun.security.ssl.CipherSuite::valueOf (67 bytes)
Event: 31.099 Thread 0x0000000018d96000 nmethod 3804 0x0000000003e85610 code [0x0000000003e85840, 0x0000000003e86568]
Event: 31.104 Thread 0x0000000018d39000 nmethod 3796 0x0000000003e89d90 code [0x0000000003e89f00, 0x0000000003e8a558]
Event: 31.104 Thread 0x0000000018d39000 3806  s    4       sun.misc.URLClassPath::getNextLoader (88 bytes)
Event: 31.106 Thread 0x0000000018d96000 3807       3       sun.misc.URLClassPath::getResource (83 bytes)
Event: 31.107 Thread 0x0000000018d96000 nmethod 3807 0x0000000003e89690 code [0x0000000003e89820, 0x0000000003e89be8]

GC Heap History (10 events):
Event: 23.542 GC heap before
{Heap before GC invocations=5 (full 1):
 PSYoungGen      total 114688K, used 108442K [0x00000000e0000000, 0x00000000ec880000, 0x0000000100000000)
  eden space 98304K, 100% used [0x00000000e0000000,0x00000000e6000000,0x00000000e6000000)
  from space 16384K, 61% used [0x00000000e6000000,0x00000000e69e6900,0x00000000e7000000)
  to   space 16384K, 0% used [0x00000000eb880000,0x00000000eb880000,0x00000000ec880000)
 ParOldGen       total 111104K, used 12706K [0x00000000a0000000, 0x00000000a6c80000, 0x00000000e0000000)
  object space 111104K, 11% used [0x00000000a0000000,0x00000000a0c68840,0x00000000a6c80000)
 Metaspace       used 29210K, capacity 29660K, committed 29824K, reserved 1075200K
  class space    used 3959K, capacity 4139K, committed 4224K, reserved 1048576K
Event: 23.562 GC heap after
Heap after GC invocations=5 (full 1):
 PSYoungGen      total 188928K, used 5763K [0x00000000e0000000, 0x00000000ecb80000, 0x0000000100000000)
  eden space 172544K, 0% used [0x00000000e0000000,0x00000000e0000000,0x00000000ea880000)
  from space 16384K, 35% used [0x00000000eb880000,0x00000000ebe20cf0,0x00000000ec880000)
  to   space 16384K, 0% used [0x00000000ea880000,0x00000000ea880000,0x00000000eb880000)
 ParOldGen       total 111104K, used 12714K [0x00000000a0000000, 0x00000000a6c80000, 0x00000000e0000000)
  object space 111104K, 11% used [0x00000000a0000000,0x00000000a0c6a840,0x00000000a6c80000)
 Metaspace       used 29210K, capacity 29660K, committed 29824K, reserved 1075200K
  class space    used 3959K, capacity 4139K, committed 4224K, reserved 1048576K
}
Event: 26.696 GC heap before
{Heap before GC invocations=6 (full 1):
 PSYoungGen      total 188928K, used 178307K [0x00000000e0000000, 0x00000000ecb80000, 0x0000000100000000)
  eden space 172544K, 100% used [0x00000000e0000000,0x00000000ea880000,0x00000000ea880000)
  from space 16384K, 35% used [0x00000000eb880000,0x00000000ebe20cf0,0x00000000ec880000)
  to   space 16384K, 0% used [0x00000000ea880000,0x00000000ea880000,0x00000000eb880000)
 ParOldGen       total 111104K, used 12714K [0x00000000a0000000, 0x00000000a6c80000, 0x00000000e0000000)
  object space 111104K, 11% used [0x00000000a0000000,0x00000000a0c6a840,0x00000000a6c80000)
 Metaspace       used 29278K, capacity 29724K, committed 30080K, reserved 1075200K
  class space    used 3969K, capacity 4139K, committed 4224K, reserved 1048576K
Event: 26.714 GC heap after
Heap after GC invocations=6 (full 1):
 PSYoungGen      total 188928K, used 6544K [0x00000000e0000000, 0x00000000f4680000, 0x0000000100000000)
  eden space 172544K, 0% used [0x00000000e0000000,0x00000000e0000000,0x00000000ea880000)
  from space 16384K, 39% used [0x00000000ea880000,0x00000000eaee4050,0x00000000eb880000)
  to   space 14848K, 0% used [0x00000000f3800000,0x00000000f3800000,0x00000000f4680000)
 ParOldGen       total 111104K, used 12722K [0x00000000a0000000, 0x00000000a6c80000, 0x00000000e0000000)
  object space 111104K, 11% used [0x00000000a0000000,0x00000000a0c6c840,0x00000000a6c80000)
 Metaspace       used 29278K, capacity 29724K, committed 30080K, reserved 1075200K
  class space    used 3969K, capacity 4139K, committed 4224K, reserved 1048576K
}
Event: 29.201 GC heap before
{Heap before GC invocations=7 (full 1):
 PSYoungGen      total 188928K, used 179088K [0x00000000e0000000, 0x00000000f4680000, 0x0000000100000000)
  eden space 172544K, 100% used [0x00000000e0000000,0x00000000ea880000,0x00000000ea880000)
  from space 16384K, 39% used [0x00000000ea880000,0x00000000eaee4050,0x00000000eb880000)
  to   space 14848K, 0% used [0x00000000f3800000,0x00000000f3800000,0x00000000f4680000)
 ParOldGen       total 111104K, used 12722K [0x00000000a0000000, 0x00000000a6c80000, 0x00000000e0000000)
  object space 111104K, 11% used [0x00000000a0000000,0x00000000a0c6c840,0x00000000a6c80000)
 Metaspace       used 29922K, capacity 30566K, committed 30720K, reserved 1075200K
  class space    used 4030K, capacity 4225K, committed 4352K, reserved 1048576K
Event: 29.220 GC heap after
Heap after GC invocations=7 (full 1):
 PSYoungGen      total 316416K, used 7457K [0x00000000e0000000, 0x00000000f4480000, 0x0000000100000000)
  eden space 303616K, 0% used [0x00000000e0000000,0x00000000e0000000,0x00000000f2880000)
  from space 12800K, 58% used [0x00000000f3800000,0x00000000f3f486b8,0x00000000f4480000)
  to   space 14336K, 0% used [0x00000000f2880000,0x00000000f2880000,0x00000000f3680000)
 ParOldGen       total 111104K, used 12730K [0x00000000a0000000, 0x00000000a6c80000, 0x00000000e0000000)
  object space 111104K, 11% used [0x00000000a0000000,0x00000000a0c6e840,0x00000000a6c80000)
 Metaspace       used 29922K, capacity 30566K, committed 30720K, reserved 1075200K
  class space    used 4030K, capacity 4225K, committed 4352K, reserved 1048576K
}
Event: 30.798 GC heap before
{Heap before GC invocations=8 (full 1):
 PSYoungGen      total 316416K, used 82972K [0x00000000e0000000, 0x00000000f4480000, 0x0000000100000000)
  eden space 303616K, 24% used [0x00000000e0000000,0x00000000e49be970,0x00000000f2880000)
  from space 12800K, 58% used [0x00000000f3800000,0x00000000f3f486b8,0x00000000f4480000)
  to   space 14336K, 0% used [0x00000000f2880000,0x00000000f2880000,0x00000000f3680000)
 ParOldGen       total 111104K, used 12730K [0x00000000a0000000, 0x00000000a6c80000, 0x00000000e0000000)
  object space 111104K, 11% used [0x00000000a0000000,0x00000000a0c6e840,0x00000000a6c80000)
 Metaspace       used 34588K, capacity 35290K, committed 35416K, reserved 1079296K
  class space    used 4690K, capacity 4880K, committed 4952K, reserved 1048576K
Event: 30.818 GC heap after
Heap after GC invocations=8 (full 1):
 PSYoungGen      total 317952K, used 14308K [0x00000000e0000000, 0x0000000100000000, 0x0000000100000000)
  eden space 303616K, 0% used [0x00000000e0000000,0x00000000e0000000,0x00000000f2880000)
  from space 14336K, 99% used [0x00000000f2880000,0x00000000f3679080,0x00000000f3680000)
  to   space 16384K, 0% used [0x00000000ff000000,0x00000000ff000000,0x0000000100000000)
 ParOldGen       total 111104K, used 12786K [0x00000000a0000000, 0x00000000a6c80000, 0x00000000e0000000)
  object space 111104K, 11% used [0x00000000a0000000,0x00000000a0c7ca58,0x00000000a6c80000)
 Metaspace       used 34588K, capacity 35290K, committed 35416K, reserved 1079296K
  class space    used 4690K, capacity 4880K, committed 4952K, reserved 1048576K
}
Event: 30.818 GC heap before
{Heap before GC invocations=9 (full 2):
 PSYoungGen      total 317952K, used 14308K [0x00000000e0000000, 0x0000000100000000, 0x0000000100000000)
  eden space 303616K, 0% used [0x00000000e0000000,0x00000000e0000000,0x00000000f2880000)
  from space 14336K, 99% used [0x00000000f2880000,0x00000000f3679080,0x00000000f3680000)
  to   space 16384K, 0% used [0x00000000ff000000,0x00000000ff000000,0x0000000100000000)
 ParOldGen       total 111104K, used 12786K [0x00000000a0000000, 0x00000000a6c80000, 0x00000000e0000000)
  object space 111104K, 11% used [0x00000000a0000000,0x00000000a0c7ca58,0x00000000a6c80000)
 Metaspace       used 34588K, capacity 35290K, committed 35416K, reserved 1079296K
  class space    used 4690K, capacity 4880K, committed 4952K, reserved 1048576K
Event: 30.927 GC heap after
Heap after GC invocations=9 (full 2):
 PSYoungGen      total 317952K, used 0K [0x00000000e0000000, 0x0000000100000000, 0x0000000100000000)
  eden space 303616K, 0% used [0x00000000e0000000,0x00000000e0000000,0x00000000f2880000)
  from space 14336K, 0% used [0x00000000f2880000,0x00000000f2880000,0x00000000f3680000)
  to   space 16384K, 0% used [0x00000000ff000000,0x00000000ff000000,0x0000000100000000)
 ParOldGen       total 159744K, used 20601K [0x00000000a0000000, 0x00000000a9c00000, 0x00000000e0000000)
  object space 159744K, 12% used [0x00000000a0000000,0x00000000a141e548,0x00000000a9c00000)
 Metaspace       used 34505K, capacity 35142K, committed 35416K, reserved 1079296K
  class space    used 4665K, capacity 4852K, committed 4952K, reserved 1048576K
}

Deoptimization events (10 events):
Event: 30.955 Thread 0x00000000190f8000 Uncommon trap: reason=unstable_if action=reinterpret pc=0x00000000039c6160 method=java.util.HashMap.putVal(ILjava/lang/Object;Ljava/lang/Object;ZZ)Ljava/lang/Object; @ 236
Event: 31.060 Thread 0x00000000190f8000 Uncommon trap: reason=unstable_if action=reinterpret pc=0x00000000035c13a8 method=java.lang.String.regionMatches(ZILjava/lang/String;II)Z @ 123
Event: 31.060 Thread 0x00000000190f8000 Uncommon trap: reason=unstable_if action=reinterpret pc=0x000000000382af50 method=java.lang.String.regionMatches(ZILjava/lang/String;II)Z @ 123
Event: 31.075 Thread 0x00000000190f8000 Uncommon trap: reason=null_check action=make_not_entrant pc=0x00000000039b9310 method=java.net.URL.getURLStreamHandler(Ljava/lang/String;)Ljava/net/URLStreamHandler; @ 7
Event: 31.103 Thread 0x00000000190f8000 Uncommon trap: reason=class_check action=maybe_recompile pc=0x0000000003a5c1ec method=java.security.MessageDigest$Delegate.engineDigest()[B @ 4
Event: 31.103 Thread 0x00000000190f8000 Uncommon trap: reason=speculate_class_check action=maybe_recompile pc=0x0000000003a54db0 method=sun.security.provider.DigestBase.engineDigest([BII)I @ 97
Event: 31.103 Thread 0x00000000190f8000 Uncommon trap: reason=class_check action=maybe_recompile pc=0x0000000003a5c1ec method=java.security.MessageDigest$Delegate.engineDigest()[B @ 4
Event: 31.103 Thread 0x00000000190f8000 Uncommon trap: reason=speculate_class_check action=maybe_recompile pc=0x0000000003a54db0 method=sun.security.provider.DigestBase.engineDigest([BII)I @ 97
Event: 31.103 Thread 0x00000000190f8000 Uncommon trap: reason=class_check action=maybe_recompile pc=0x0000000003a5c1ec method=java.security.MessageDigest$Delegate.engineDigest()[B @ 4
Event: 31.103 Thread 0x00000000190f8000 Uncommon trap: reason=speculate_class_check action=maybe_recompile pc=0x0000000003a54db0 method=sun.security.provider.DigestBase.engineDigest([BII)I @ 97

Classes redefined (0 events):
No events

Internal exceptions (10 events):
Event: 30.431 Thread 0x00000000190f8000 Exception <a 'java/lang/ClassNotFoundException': org/gradle/api/internal/DefaultNamedDomainObjectCollectionBeanInfo> (0x00000000e3615d50) thrown at [D:\src\AOSP-openjdk-cygwin\jdk8u\hotspot\src\share\vm\classfile\systemDictionary.cpp, line 210]
Event: 30.432 Thread 0x00000000190f8000 Exception <a 'java/lang/ClassNotFoundException': org/gradle/api/internal/DefaultDomainObjectCollectionBeanInfo> (0x00000000e3642e40) thrown at [D:\src\AOSP-openjdk-cygwin\jdk8u\hotspot\src\share\vm\classfile\systemDictionary.cpp, line 210]
Event: 30.433 Thread 0x00000000190f8000 Exception <a 'java/lang/ClassNotFoundException': org/gradle/api/internal/DefaultDomainObjectCollectionCustomizer> (0x00000000e3670880) thrown at [D:\src\AOSP-openjdk-cygwin\jdk8u\hotspot\src\share\vm\classfile\systemDictionary.cpp, line 210]
Event: 30.436 Thread 0x00000000190f8000 Exception <a 'java/lang/ClassNotFoundException': org/gradle/api/internal/DefaultNamedDomainObjectCollectionCustomizer> (0x00000000e36c7460) thrown at [D:\src\AOSP-openjdk-cygwin\jdk8u\hotspot\src\share\vm\classfile\systemDictionary.cpp, line 210]
Event: 30.439 Thread 0x00000000190f8000 Exception <a 'java/lang/ClassNotFoundException': org/gradle/api/internal/DefaultNamedDomainObjectListCustomizer> (0x00000000e371f138) thrown at [D:\src\AOSP-openjdk-cygwin\jdk8u\hotspot\src\share\vm\classfile\systemDictionary.cpp, line 210]
Event: 30.442 Thread 0x00000000190f8000 Exception <a 'java/lang/ClassNotFoundException': org/gradle/api/internal/artifacts/DefaultArtifactRepositoryContainerCustomizer> (0x00000000e378d9b0) thrown at [D:\src\AOSP-openjdk-cygwin\jdk8u\hotspot\src\share\vm\classfile\systemDictionary.cpp, line 210
Event: 30.445 Thread 0x00000000190f8000 Exception <a 'java/lang/ClassNotFoundException': org/gradle/api/internal/artifacts/dsl/DefaultRepositoryHandlerCustomizer> (0x00000000e37ef228) thrown at [D:\src\AOSP-openjdk-cygwin\jdk8u\hotspot\src\share\vm\classfile\systemDictionary.cpp, line 210]
Event: 30.448 Thread 0x00000000190f8000 Exception <a 'java/lang/ClassNotFoundException': org/gradle/api/internal/artifacts/dsl/DefaultRepositoryHandler_DecoratedCustomizer> (0x00000000e3859720) thrown at [D:\src\AOSP-openjdk-cygwin\jdk8u\hotspot\src\share\vm\classfile\systemDictionary.cpp, line
Event: 30.638 Thread 0x00000000190f8000 Implicit null exception at 0x0000000003605a22 to 0x0000000003605f61
Event: 31.075 Thread 0x00000000190f8000 Implicit null exception at 0x00000000039b7064 to 0x00000000039b9305

Events (10 events):
Event: 31.123 loading class java/net/ProxySelector
Event: 31.123 loading class java/net/ProxySelector done
Event: 31.123 loading class sun/net/spi/DefaultProxySelector
Event: 31.124 loading class sun/net/spi/DefaultProxySelector done
Event: 31.124 loading class sun/net/spi/DefaultProxySelector$1
Event: 31.124 loading class sun/net/spi/DefaultProxySelector$1 done
Event: 31.124 loading class sun/net/NetProperties
Event: 31.124 loading class sun/net/NetProperties done
Event: 31.124 loading class sun/net/NetProperties$1
Event: 31.124 loading class sun/net/NetProperties$1 done


Dynamic libraries:
0x00007ff79d3a0000 - 0x00007ff79d3d1000 	D:\programming\programmingtools\Android\Android Studio\jre\bin\java.exe
0x00007fffd7900000 - 0x00007fffd7af0000 	C:\Windows\SYSTEM32\ntdll.dll
0x00007fffd7180000 - 0x00007fffd7232000 	C:\Windows\System32\KERNEL32.DLL
0x00007fffd54b0000 - 0x00007fffd5753000 	C:\Windows\System32\KERNELBASE.dll
0x00007fffd6ef0000 - 0x00007fffd6f93000 	C:\Windows\System32\ADVAPI32.dll
0x00007fffd6db0000 - 0x00007fffd6e4e000 	C:\Windows\System32\msvcrt.dll
0x00007fffd6fa0000 - 0x00007fffd7037000 	C:\Windows\System32\sechost.dll
0x00007fffd6af0000 - 0x00007fffd6c10000 	C:\Windows\System32\RPCRT4.dll
0x00007fffd6170000 - 0x00007fffd6304000 	C:\Windows\System32\USER32.dll
0x00007fffd4960000 - 0x00007fffd4981000 	C:\Windows\System32\win32u.dll
0x00007fffd5cb0000 - 0x00007fffd5cd6000 	C:\Windows\System32\GDI32.dll
0x00007fffd5310000 - 0x00007fffd54a4000 	C:\Windows\System32\gdi32full.dll
0x00007fffd48c0000 - 0x00007fffd495e000 	C:\Windows\System32\msvcp_win.dll
0x00007fffd5210000 - 0x00007fffd530a000 	C:\Windows\System32\ucrtbase.dll
0x00007fffc7f70000 - 0x00007fffc81f5000 	C:\Windows\WinSxS\amd64_microsoft.windows.common-controls_6595b64144ccf1df_6.0.18362.657_none_e6c5b579130e3898\COMCTL32.dll
0x00007fffd5dd0000 - 0x00007fffd6106000 	C:\Windows\System32\combase.dll
0x00007fffd49e0000 - 0x00007fffd4a60000 	C:\Windows\System32\bcryptPrimitives.dll
0x00007fffd6ec0000 - 0x00007fffd6eee000 	C:\Windows\System32\IMM32.DLL
0x00000000589e0000 - 0x0000000058ab2000 	D:\programming\programmingtools\Android\Android Studio\jre\jre\bin\msvcr100.dll
0x0000000058ac0000 - 0x0000000059306000 	D:\programming\programmingtools\Android\Android Studio\jre\jre\bin\server\jvm.dll
0x00007fffd5d10000 - 0x00007fffd5d18000 	C:\Windows\System32\PSAPI.DLL
0x00007fffcf770000 - 0x00007fffcf77a000 	C:\Windows\SYSTEM32\VERSION.dll
0x00007fffd27c0000 - 0x00007fffd27e4000 	C:\Windows\SYSTEM32\WINMM.dll
0x00007fffd2790000 - 0x00007fffd27bd000 	C:\Windows\SYSTEM32\WINMMBASE.dll
0x00007fffbb210000 - 0x00007fffbb219000 	C:\Windows\SYSTEM32\WSOCK32.dll
0x00007fffd6390000 - 0x00007fffd63ff000 	C:\Windows\System32\WS2_32.dll
0x00007fffd4990000 - 0x00007fffd49da000 	C:\Windows\System32\cfgmgr32.dll
0x00007fffcf170000 - 0x00007fffcf17f000 	D:\programming\programmingtools\Android\Android Studio\jre\jre\bin\verify.dll
0x00007fffc3370000 - 0x00007fffc3399000 	D:\programming\programmingtools\Android\Android Studio\jre\jre\bin\java.dll
0x00007fffbd1b0000 - 0x00007fffbd1c6000 	D:\programming\programmingtools\Android\Android Studio\jre\jre\bin\zip.dll
0x00007fffd6400000 - 0x00007fffd6ae5000 	C:\Windows\System32\SHELL32.dll
0x00007fffd5d20000 - 0x00007fffd5dc9000 	C:\Windows\System32\shcore.dll
0x00007fffd4a90000 - 0x00007fffd520f000 	C:\Windows\System32\windows.storage.dll
0x00007fffd4800000 - 0x00007fffd481f000 	C:\Windows\System32\profapi.dll
0x00007fffd47b0000 - 0x00007fffd47fa000 	C:\Windows\System32\powrprof.dll
0x00007fffd47a0000 - 0x00007fffd47b0000 	C:\Windows\System32\UMPDC.dll
0x00007fffd6e60000 - 0x00007fffd6eb2000 	C:\Windows\System32\shlwapi.dll
0x00007fffd4840000 - 0x00007fffd4851000 	C:\Windows\System32\kernel.appcore.dll
0x00007fffd5960000 - 0x00007fffd5977000 	C:\Windows\System32\cryptsp.dll
0x00007fffb2fe0000 - 0x00007fffb2ffa000 	D:\programming\programmingtools\Android\Android Studio\jre\jre\bin\net.dll
0x00007fffca3e0000 - 0x00007fffca5b6000 	C:\Windows\SYSTEM32\urlmon.dll
0x00007fffc6c70000 - 0x00007fffc6f16000 	C:\Windows\SYSTEM32\iertutil.dll
0x00007fffd41e0000 - 0x00007fffd41ec000 	C:\Windows\SYSTEM32\CRYPTBASE.DLL
0x00007fffd4010000 - 0x00007fffd4077000 	C:\Windows\system32\mswsock.dll
0x00007fffb0390000 - 0x00007fffb03a3000 	D:\programming\programmingtools\Android\Android Studio\jre\jre\bin\nio.dll
0x00007fffae8a0000 - 0x00007fffae8be000 	C:\Users\king_\.gradle\native\25\windows-amd64\native-platform.dll
0x00007fffd0fa0000 - 0x00007fffd0fad000 	D:\programming\programmingtools\Android\Android Studio\jre\jre\bin\management.dll
0x00007fffd3b80000 - 0x00007fffd3bb3000 	C:\Windows\system32\rsaenh.dll
0x00007fffd4a60000 - 0x00007fffd4a86000 	C:\Windows\System32\bcrypt.dll
0x00007fffd46c0000 - 0x00007fffd46e5000 	C:\Windows\SYSTEM32\USERENV.dll
0x00007fffd3d20000 - 0x00007fffd3d5a000 	C:\Windows\SYSTEM32\IPHLPAPI.DLL
0x00007fffd5d00000 - 0x00007fffd5d08000 	C:\Windows\System32\NSI.dll
0x00007fffce8f0000 - 0x00007fffce906000 	C:\Windows\SYSTEM32\dhcpcsvc6.DLL
0x00007fffcea90000 - 0x00007fffceaac000 	C:\Windows\SYSTEM32\dhcpcsvc.DLL
0x00007fffd3d60000 - 0x00007fffd3e2a000 	C:\Windows\SYSTEM32\DNSAPI.dll
0x00007fffa8ea0000 - 0x00007fffa8ec4000 	D:\programming\programmingtools\Android\Android Studio\jre\jre\bin\sunec.dll

VM Arguments:
jvm_args: -Xmx1536m -Dfile.encoding=windows-1256 -Duser.country=US -Duser.language=en -Duser.variant 
java_command: org.gradle.launcher.daemon.bootstrap.GradleDaemon 4.6
java_class_path (initial): C:\Users\king_\.gradle\wrapper\dists\gradle-4.6-all\bcst21l2brirad8k2ben1letg\gradle-4.6\lib\gradle-launcher-4.6.jar
Launcher Type: SUN_STANDARD

Environment Variables:
JAVA_HOME=D:\programming\programmingtools\java\bin
PATH=C:\Program Files (x86)\Common Files\Oracle\Java\javapath;C:\Program Files (x86)\Intel\iCLS Client\;C:\Program Files\Intel\iCLS Client\;C:\Windows\system32;C:\Windows;C:\Windows\System32\Wbem;C:\Windows\System32\WindowsPowerShell\v1.0\;C:\Windows\System32\OpenSSH\;C:\Program Files (x86)\Intel\Intel(R) Management Engine Components\DAL;C:\Program Files\Intel\Intel(R) Management Engine Components\DAL;C:\Program Files (x86)\Intel\Intel(R) Management Engine Components\IPT;C:\Program Files\Intel\Intel(R) Management Engine Components\IPT;C:\Program Files (x86)\NVIDIA Corporation\PhysX\Common;C:\Program Files\Intel\WiFi\bin\;C:\Program Files\Common Files\Intel\WirelessCommon\;D:\Program Files (x86)\Brackets\command;D:\Program Files (x86)\Git\cmd;D:\Program Files (x86)\Process Lasso\;C:\Program Files\Microsoft SQL Server\Client SDK\ODBC\130\Tools\Binn\;D:\Program Files (x86)\MSSQL\Microsoft SQL Server\140\Tools\Binn\;C:\Program Files\Microsoft SQL Server\140\Tools\Binn\;C:\Program Files\Microsoft SQL Server\140\DTS\Binn\;D:\Program Files (x86)\MSSQL\Microsoft SQL Server\150\DTS\Binn\;C:\Program Files\NVIDIA Corporation\NVIDIA NvDLISR;D:\programming\programmingtools\Ruby26-x64\bin;D:\programming\programmingtools\Python 3.7.0\Scripts\;D:\programming\programmingtools\Python 3.7.0\;C:\Users\king_\AppData\Local\Microsoft\WindowsApps;C:\Program Files\Intel\WiFi\bin\;C:\Program Files\Common Files\Intel\WirelessCommon\;D:\programming\programmingtools\PhpStorm 2018.3.2\bin;;D:\programming\programmingtools\JetBrains\PyCharm 2019.2.5\bin;
USERNAME=Ebrahim
OS=Windows_NT
PROCESSOR_IDENTIFIER=Intel64 Family 6 Model 158 Stepping 9, GenuineIntel



---------------  S Y S T E M  ---------------

OS: Windows 10.0 , 64 bit Build 18362 (10.0.18362.329)

CPU:total 8 (initial active 8) (4 cores per cpu, 2 threads per core) family 6 model 158 stepping 9, cmov, cx8, fxsr, mmx, sse, sse2, sse3, ssse3, sse4.1, sse4.2, popcnt, avx, avx2, aes, clmul, erms, 3dnowpref, lzcnt, ht, tsc, tscinvbit, bmi1, bmi2, adx

Memory: 4k page, physical 25084020k(4823684k free), swap 25084020k(4396k free)

vm_info: OpenJDK 64-Bit Server VM (25.212-b04) for windows-amd64 JRE (1.8.0_212-release-1586-b04), built by "builder" with MS VC++ 10.0 (VS2010)

time: Tue Mar 10 23:13:05 2020
timezone: Arab Standard Time
elapsed time: 31 seconds (0d 0h 0m 31s)

